# project  configured on Fri Jan 10 01:27:54 2020 by
# waf 1.7.11 (abi 98, python 20710f0 on linux2)
# using /home/daniil/.pebble-sdk/SDKs/current/sdk-core/pebble/waf configure
#
----------------------------------------
Setting top to
/home/daniil/workspace/pebble/watchFaceOne
----------------------------------------
Setting out to
/home/daniil/workspace/pebble/watchFaceOne/build
----------------------------------------
Checking for program webpack
/home/daniil/.pebble-sdk/SDKs/current/node_modules/.bin/webpack
find program=['webpack'] paths=['/home/daniil/.pebble-sdk/SDKs/current/node_modules/.bin'] var='WEBPACK' -> '/home/daniil/.pebble-sdk/SDKs/current/node_modules/.bin/webpack'
----------------------------------------
Checking for program node,nodejs
/usr/bin/node
find program=['node', 'nodejs'] paths=['/usr/lib/python2.7/site-packages/pebble_tool/commands/sdk', '/home/daniil/.local/bin', '/usr/local/sbin', '/usr/local/bin', '/usr/bin', '/usr/lib/jvm/default/bin', '/usr/bin/site_perl', '/usr/bin/vendor_perl', '/usr/bin/core_perl', '/home/daniil/.fzf/bin'] var='NODE' -> '/usr/bin/node'
----------------------------------------
Found Pebble SDK for emery in:
/home/daniil/.pebble-sdk/SDKs/current/sdk-core/pebble/emery
----------------------------------------
Checking for program gcc,cc
arm-none-eabi-gcc
find program=['gcc', 'cc'] paths='' var='CC' -> 'arm-none-eabi-gcc'
----------------------------------------
Checking for program ar
arm-none-eabi-ar
find program=['ar'] paths='' var='AR' -> 'arm-none-eabi-ar'
----------------------------------------
Found Pebble SDK for diorite in:
/home/daniil/.pebble-sdk/SDKs/current/sdk-core/pebble/diorite
----------------------------------------
Checking for program gcc,cc
arm-none-eabi-gcc
find program=['gcc', 'cc'] paths='' var='CC' -> 'arm-none-eabi-gcc'
----------------------------------------
Checking for program ar
arm-none-eabi-ar
find program=['ar'] paths='' var='AR' -> 'arm-none-eabi-ar'
----------------------------------------
Found Pebble SDK for chalk in:
/home/daniil/.pebble-sdk/SDKs/current/sdk-core/pebble/chalk
----------------------------------------
Checking for program gcc,cc
arm-none-eabi-gcc
find program=['gcc', 'cc'] paths='' var='CC' -> 'arm-none-eabi-gcc'
----------------------------------------
Checking for program ar
arm-none-eabi-ar
find program=['ar'] paths='' var='AR' -> 'arm-none-eabi-ar'
----------------------------------------
Found Pebble SDK for basalt in:
/home/daniil/.pebble-sdk/SDKs/current/sdk-core/pebble/basalt
----------------------------------------
Checking for program gcc,cc
arm-none-eabi-gcc
find program=['gcc', 'cc'] paths='' var='CC' -> 'arm-none-eabi-gcc'
----------------------------------------
Checking for program ar
arm-none-eabi-ar
find program=['ar'] paths='' var='AR' -> 'arm-none-eabi-ar'
